vector
#################################
Size :		0
Max_size :	4611686018427387903
Capacity :	0
Content :

default done

Check with fill constructor
********************************
Size :		8
Max_size :	4611686018427387903
Capacity :	8
Content :
			10
			10
			10
			10
			10
			10
			10
			10

Check with copy constructor
********************************
Size :		3
Max_size :	4611686018427387903
Capacity :	3
Content :
			10
			10
			10

Check with range constructor
********************************
Size :		3
Max_size :	4611686018427387903
Capacity :	3
Content :
			10
			10
			10

iterator
#################################
Default done

Check with fill vector
********************************
Content: 
10
10
10
10
10
10
10
10

Check with copy constructor
********************************
Content: 
is_const done

const_iterator
#################################
Default done

Check with fill vector
********************************
Content: 
10
10
10
10
10
10
10
10

Check with copy constructor
********************************
Content: 

is_const done

reverse_iterator
#################################
default done

Check with fill vector
********************************
Content: 
10
10
10
10
10
10
10
10

Check with copy constructor
********************************
Content: 

is_const done
