Reserve
#################################
Size :		2
Max_size :	4611686018427387903
Capacity :	5
Content :
			8
			8

Size :		2
Max_size :	4611686018427387903
Capacity :	7
Content :
			8
			8

Size :		2
Max_size :	4611686018427387903
Capacity :	7
Content :
			8
			8

Resize
#################################
Size :		2
Max_size :	4611686018427387903
Capacity :	7
Content :
			8
			8

Size :		2
Max_size :	4611686018427387903
Capacity :	7
Content :
			8
			8

Size :		2
Max_size :	4611686018427387903
Capacity :	7
Content :
			8
			8

