Fill
#################################
Size :		5
Max_size :	4611686018427387903
Capacity :	5
Content :
			200
			200
			200
			200
			200

After push & pop
#################################
Size :		8
Max_size :	4611686018427387903
Capacity :	10
Content :
			200
			200
			200
			200
			200
			5
			4
			3

Range
#################################
Size :		8
Max_size :	4611686018427387903
Capacity :	10
Content :
			200
			200
			200
			200
			200
			5
			4
			3

After push & pop
#################################
Size :		8
Max_size :	4611686018427387903
Capacity :	10
Content :
			200
			200
			200
			200
			200
			5
			4
			3

