x.swap(y)
#################################
Size :		8
Max_size :	4611686018427387903
Capacity :	8
Content :
			10
			10
			10
			10
			10
			10
			10
			10

Size :		10
Max_size :	4611686018427387903
Capacity :	10
Content :
			8
			8
			8
			8
			8
			8
			8
			8
			8
			8

swap(x, y)
#################################
Size :		10
Max_size :	4611686018427387903
Capacity :	10
Content :
			8
			8
			8
			8
			8
			8
			8
			8
			8
			8

Size :		51
Max_size :	4611686018427387903
Capacity :	51
Content :
			80
			80
			80
			80
			80
			80
			80
			80
			80
			80
			80
			80
			80
			80
			80
			80
			80
			80
			80
			80
			80
			80
			80
			80
			80
			80
			80
			80
			80
			80
			80
			80
			80
			80
			80
			80
			80
			80
			80
			80
			8
			8
			10
			10
			10
			10
			10
			10
			10
			10
			6

